[12-Jul-2024 12:08:57 UTC] PHP Fatal error:  Uncaught Error: Undefined constant "ali" in C:\Users\21263\Local Sites\myweb\app\public\exper.php:3
Stack trace:
#0 {main}
  thrown in C:\Users\21263\Local Sites\myweb\app\public\exper.php on line 3
[12-Jul-2024 12:09:33 UTC] PHP Warning:  Undefined variable $ali in C:\Users\21263\Local Sites\myweb\app\public\exper.php on line 3
[12-Jul-2024 12:10:17 UTC] PHP Warning:  Undefined variable $ali in C:\Users\21263\Local Sites\myweb\app\public\exper.php on line 3
[12-Jul-2024 12:11:07 UTC] PHP Parse error:  syntax error, unexpected variable "$ali", expecting "," or ";" in C:\Users\21263\Local Sites\myweb\app\public\exper.php on line 2
[12-Jul-2024 12:13:44 UTC] PHP Parse error:  syntax error, unexpected variable "$ali", expecting "," or ";" in C:\Users\21263\Local Sites\myweb\app\public\exper.php on line 2
[12-Jul-2024 19:46:16 UTC] PHP Warning:  Attempt to read property "title" on null in C:\Users\21263\Local Sites\myweb\app\public\wp-includes\class-wp-customize-widgets.php on line 905
[15-Jul-2024 14:33:19 UTC] PHP Warning:  Attempt to read property "title" on null in C:\Users\21263\Local Sites\myweb\app\public\wp-includes\class-wp-customize-widgets.php on line 905
[15-Jul-2024 14:38:12 UTC] PHP Warning:  Attempt to read property "title" on null in C:\Users\21263\Local Sites\myweb\app\public\wp-includes\class-wp-customize-widgets.php on line 905
[15-Jul-2024 14:38:23 UTC] PHP Warning:  Attempt to read property "title" on null in C:\Users\21263\Local Sites\myweb\app\public\wp-includes\class-wp-customize-widgets.php on line 905
[15-Jul-2024 14:44:33 UTC] PHP Warning:  Attempt to read property "title" on null in C:\Users\21263\Local Sites\myweb\app\public\wp-includes\class-wp-customize-widgets.php on line 905
[15-Jul-2024 14:44:52 UTC] PHP Warning:  Attempt to read property "title" on null in C:\Users\21263\Local Sites\myweb\app\public\wp-includes\class-wp-customize-widgets.php on line 905
[15-Jul-2024 14:49:56 UTC] PHP Warning:  Attempt to read property "title" on null in C:\Users\21263\Local Sites\myweb\app\public\wp-includes\class-wp-customize-widgets.php on line 905
[15-Jul-2024 14:51:08 UTC] PHP Warning:  Attempt to read property "title" on null in C:\Users\21263\Local Sites\myweb\app\public\wp-includes\class-wp-customize-widgets.php on line 905
[15-Jul-2024 14:55:53 UTC] PHP Warning:  Attempt to read property "title" on null in C:\Users\21263\Local Sites\myweb\app\public\wp-includes\class-wp-customize-widgets.php on line 905
[15-Jul-2024 14:57:25 UTC] PHP Warning:  Attempt to read property "title" on null in C:\Users\21263\Local Sites\myweb\app\public\wp-includes\class-wp-customize-widgets.php on line 905
[15-Jul-2024 15:00:35 UTC] PHP Parse error:  syntax error, unexpected token "}", expecting "," or ";" in C:\Users\21263\Local Sites\myweb\app\public\wp-content\themes\MyNewTheme\index.php on line 4
[15-Jul-2024 15:00:56 UTC] PHP Warning:  Attempt to read property "title" on null in C:\Users\21263\Local Sites\myweb\app\public\wp-includes\class-wp-customize-widgets.php on line 905
[15-Jul-2024 15:02:05 UTC] PHP Warning:  Attempt to read property "title" on null in C:\Users\21263\Local Sites\myweb\app\public\wp-includes\class-wp-customize-widgets.php on line 905
[15-Jul-2024 15:06:46 UTC] PHP Warning:  Attempt to read property "title" on null in C:\Users\21263\Local Sites\myweb\app\public\wp-includes\class-wp-customize-widgets.php on line 905
[15-Jul-2024 15:07:19 UTC] PHP Warning:  Attempt to read property "title" on null in C:\Users\21263\Local Sites\myweb\app\public\wp-includes\class-wp-customize-widgets.php on line 905
[15-Jul-2024 15:14:22 UTC] PHP Warning:  Attempt to read property "title" on null in C:\Users\21263\Local Sites\myweb\app\public\wp-includes\class-wp-customize-widgets.php on line 905
[15-Jul-2024 15:14:58 UTC] PHP Warning:  Attempt to read property "title" on null in C:\Users\21263\Local Sites\myweb\app\public\wp-includes\class-wp-customize-widgets.php on line 905
[15-Jul-2024 15:15:31 UTC] PHP Warning:  Attempt to read property "title" on null in C:\Users\21263\Local Sites\myweb\app\public\wp-includes\class-wp-customize-widgets.php on line 905
[15-Jul-2024 15:17:05 UTC] PHP Warning:  Attempt to read property "title" on null in C:\Users\21263\Local Sites\myweb\app\public\wp-includes\class-wp-customize-widgets.php on line 905
[15-Jul-2024 15:17:20 UTC] PHP Warning:  Attempt to read property "title" on null in C:\Users\21263\Local Sites\myweb\app\public\wp-includes\class-wp-customize-widgets.php on line 905
[16-Jul-2024 14:49:02 UTC] PHP Warning:  Attempt to read property "title" on null in C:\Users\21263\Local Sites\myweb\app\public\wp-includes\class-wp-customize-widgets.php on line 905
[16-Jul-2024 14:50:02 UTC] PHP Warning:  Attempt to read property "title" on null in C:\Users\21263\Local Sites\myweb\app\public\wp-includes\class-wp-customize-widgets.php on line 905
[16-Jul-2024 14:50:15 UTC] PHP Warning:  Undefined array key 3 in C:\Users\21263\Local Sites\myweb\app\public\wp-content\themes\MyNewTheme\index.php on line 7
[18-Jul-2024 00:28:22 UTC] PHP Warning:  Undefined variable $names in C:\Users\21263\Local Sites\myweb\app\public\wp-content\themes\MyNewTheme\index.php on line 5
[18-Jul-2024 00:28:22 UTC] PHP Fatal error:  Uncaught TypeError: count(): Argument #1 ($value) must be of type Countable|array, null given in C:\Users\21263\Local Sites\myweb\app\public\wp-content\themes\MyNewTheme\index.php:5
Stack trace:
#0 C:\Users\21263\Local Sites\myweb\app\public\wp-includes\template-loader.php(106): include()
#1 C:\Users\21263\Local Sites\myweb\app\public\wp-blog-header.php(19): require_once('C:\\Users\\21263\\...')
#2 C:\Users\21263\Local Sites\myweb\app\public\index.php(17): require('C:\\Users\\21263\\...')
#3 {main}
  thrown in C:\Users\21263\Local Sites\myweb\app\public\wp-content\themes\MyNewTheme\index.php on line 5
[18-Jul-2024 00:28:33 UTC] PHP Warning:  Undefined variable $names in C:\Users\21263\Local Sites\myweb\app\public\wp-content\themes\MyNewTheme\index.php on line 5
[18-Jul-2024 00:28:33 UTC] PHP Fatal error:  Uncaught TypeError: count(): Argument #1 ($value) must be of type Countable|array, null given in C:\Users\21263\Local Sites\myweb\app\public\wp-content\themes\MyNewTheme\index.php:5
Stack trace:
#0 C:\Users\21263\Local Sites\myweb\app\public\wp-includes\template-loader.php(106): include()
#1 C:\Users\21263\Local Sites\myweb\app\public\wp-blog-header.php(19): require_once('C:\\Users\\21263\\...')
#2 C:\Users\21263\Local Sites\myweb\app\public\index.php(17): require('C:\\Users\\21263\\...')
#3 {main}
  thrown in C:\Users\21263\Local Sites\myweb\app\public\wp-content\themes\MyNewTheme\index.php on line 5
[18-Jul-2024 13:17:06 UTC] PHP Parse error:  syntax error, unexpected token "}" in C:\Users\21263\Local Sites\myweb\app\public\wp-content\themes\MyNewTheme\index.php on line 7
[18-Jul-2024 13:54:08 UTC] PHP Fatal error:  Uncaught ArgumentCountError: get_headers() expects at least 1 argument, 0 given in C:\Users\21263\Local Sites\myweb\app\public\wp-content\themes\MyNewTheme\index.php:2
Stack trace:
#0 C:\Users\21263\Local Sites\myweb\app\public\wp-content\themes\MyNewTheme\index.php(2): get_headers()
#1 C:\Users\21263\Local Sites\myweb\app\public\wp-includes\template-loader.php(106): include('C:\\Users\\21263\\...')
#2 C:\Users\21263\Local Sites\myweb\app\public\wp-blog-header.php(19): require_once('C:\\Users\\21263\\...')
#3 C:\Users\21263\Local Sites\myweb\app\public\index.php(17): require('C:\\Users\\21263\\...')
#4 {main}
  thrown in C:\Users\21263\Local Sites\myweb\app\public\wp-content\themes\MyNewTheme\index.php on line 2
[18-Jul-2024 13:58:59 UTC] PHP Fatal error:  Uncaught Error: Call to undefined function get_foooter() in C:\Users\21263\Local Sites\myweb\app\public\wp-content\themes\MyNewTheme\index.php:12
Stack trace:
#0 C:\Users\21263\Local Sites\myweb\app\public\wp-includes\template-loader.php(106): include()
#1 C:\Users\21263\Local Sites\myweb\app\public\wp-blog-header.php(19): require_once('C:\\Users\\21263\\...')
#2 C:\Users\21263\Local Sites\myweb\app\public\index.php(17): require('C:\\Users\\21263\\...')
#3 {main}
  thrown in C:\Users\21263\Local Sites\myweb\app\public\wp-content\themes\MyNewTheme\index.php on line 12
[18-Jul-2024 13:59:15 UTC] PHP Fatal error:  Uncaught Error: Call to undefined function get_foooter() in C:\Users\21263\Local Sites\myweb\app\public\wp-content\themes\MyNewTheme\index.php:12
Stack trace:
#0 C:\Users\21263\Local Sites\myweb\app\public\wp-includes\template-loader.php(106): include()
#1 C:\Users\21263\Local Sites\myweb\app\public\wp-blog-header.php(19): require_once('C:\\Users\\21263\\...')
#2 C:\Users\21263\Local Sites\myweb\app\public\index.php(17): require('C:\\Users\\21263\\...')
#3 {main}
  thrown in C:\Users\21263\Local Sites\myweb\app\public\wp-content\themes\MyNewTheme\index.php on line 12
[22-Jul-2024 13:15:11 UTC] PHP Warning:  Undefined array key "publishable_key" in C:\Users\21263\Local Sites\myweb\app\public\wp-content\plugins\woocommerce-gateway-stripe\includes\admin\class-wc-rest-stripe-account-keys-controller.php on line 262
[22-Jul-2024 13:15:11 UTC] PHP Warning:  Undefined array key "secret_key" in C:\Users\21263\Local Sites\myweb\app\public\wp-content\plugins\woocommerce-gateway-stripe\includes\admin\class-wc-rest-stripe-account-keys-controller.php on line 263
[22-Jul-2024 13:15:11 UTC] PHP Warning:  Undefined array key "test_publishable_key" in C:\Users\21263\Local Sites\myweb\app\public\wp-content\plugins\woocommerce-gateway-stripe\includes\admin\class-wc-rest-stripe-account-keys-controller.php on line 264
[22-Jul-2024 13:15:11 UTC] PHP Warning:  Undefined array key "test_secret_key" in C:\Users\21263\Local Sites\myweb\app\public\wp-content\plugins\woocommerce-gateway-stripe\includes\admin\class-wc-rest-stripe-account-keys-controller.php on line 265
[22-Jul-2024 13:15:11 UTC] PHP Warning:  Undefined array key "testmode" in C:\Users\21263\Local Sites\myweb\app\public\wp-content\plugins\woocommerce-gateway-stripe\includes\admin\class-wc-rest-stripe-account-keys-controller.php on line 269
[22-Jul-2024 13:15:11 UTC] PHP Warning:  Undefined array key "publishable_key" in C:\Users\21263\Local Sites\myweb\app\public\wp-content\plugins\woocommerce-gateway-stripe\includes\admin\class-wc-rest-stripe-account-keys-controller.php on line 280
[22-Jul-2024 13:15:11 UTC] PHP Warning:  Undefined array key "publishable_key" in C:\Users\21263\Local Sites\myweb\app\public\wp-content\plugins\woocommerce-gateway-stripe\includes\admin\class-wc-rest-stripe-account-keys-controller.php on line 280
[22-Jul-2024 13:15:11 UTC] PHP Warning:  Undefined array key "secret_key" in C:\Users\21263\Local Sites\myweb\app\public\wp-content\plugins\woocommerce-gateway-stripe\includes\admin\class-wc-rest-stripe-account-keys-controller.php on line 281
[22-Jul-2024 13:15:11 UTC] PHP Warning:  Undefined array key "secret_key" in C:\Users\21263\Local Sites\myweb\app\public\wp-content\plugins\woocommerce-gateway-stripe\includes\admin\class-wc-rest-stripe-account-keys-controller.php on line 281
[22-Jul-2024 13:15:11 UTC] PHP Warning:  Undefined array key "test_publishable_key" in C:\Users\21263\Local Sites\myweb\app\public\wp-content\plugins\woocommerce-gateway-stripe\includes\admin\class-wc-rest-stripe-account-keys-controller.php on line 282
[22-Jul-2024 13:15:11 UTC] PHP Warning:  Undefined array key "test_publishable_key" in C:\Users\21263\Local Sites\myweb\app\public\wp-content\plugins\woocommerce-gateway-stripe\includes\admin\class-wc-rest-stripe-account-keys-controller.php on line 282
[22-Jul-2024 13:15:11 UTC] PHP Warning:  Undefined array key "test_secret_key" in C:\Users\21263\Local Sites\myweb\app\public\wp-content\plugins\woocommerce-gateway-stripe\includes\admin\class-wc-rest-stripe-account-keys-controller.php on line 283
[22-Jul-2024 13:15:11 UTC] PHP Warning:  Undefined array key "test_secret_key" in C:\Users\21263\Local Sites\myweb\app\public\wp-content\plugins\woocommerce-gateway-stripe\includes\admin\class-wc-rest-stripe-account-keys-controller.php on line 283
[25-Jul-2024 13:30:45 UTC] PHP Warning:  Trying to access array offset on value of type bool in C:\Users\21263\Local Sites\myweb\app\public\wp-content\plugins\elementor\includes\managers\image.php on line 113
[25-Jul-2024 13:30:45 UTC] PHP Warning:  Trying to access array offset on value of type bool in C:\Users\21263\Local Sites\myweb\app\public\wp-content\plugins\elementor\includes\managers\image.php on line 113
[25-Jul-2024 13:30:45 UTC] PHP Warning:  Trying to access array offset on value of type bool in C:\Users\21263\Local Sites\myweb\app\public\wp-content\plugins\elementor\includes\managers\image.php on line 113
[25-Jul-2024 13:30:45 UTC] PHP Warning:  Trying to access array offset on value of type bool in C:\Users\21263\Local Sites\myweb\app\public\wp-content\plugins\elementor\includes\managers\image.php on line 113
[25-Jul-2024 13:30:45 UTC] PHP Warning:  Trying to access array offset on value of type bool in C:\Users\21263\Local Sites\myweb\app\public\wp-content\plugins\elementor\includes\managers\image.php on line 113
[25-Jul-2024 13:30:45 UTC] PHP Warning:  Trying to access array offset on value of type bool in C:\Users\21263\Local Sites\myweb\app\public\wp-content\plugins\elementor\includes\managers\image.php on line 113
[25-Jul-2024 13:30:45 UTC] PHP Warning:  Trying to access array offset on value of type bool in C:\Users\21263\Local Sites\myweb\app\public\wp-content\plugins\elementor\includes\managers\image.php on line 113
[25-Jul-2024 13:30:45 UTC] PHP Warning:  Trying to access array offset on value of type bool in C:\Users\21263\Local Sites\myweb\app\public\wp-content\plugins\elementor\includes\managers\image.php on line 113
[25-Jul-2024 13:30:45 UTC] PHP Warning:  Trying to access array offset on value of type bool in C:\Users\21263\Local Sites\myweb\app\public\wp-content\plugins\elementor\includes\managers\image.php on line 113
[25-Jul-2024 13:30:45 UTC] PHP Warning:  Trying to access array offset on value of type bool in C:\Users\21263\Local Sites\myweb\app\public\wp-content\plugins\elementor\includes\managers\image.php on line 113
[25-Jul-2024 13:30:45 UTC] PHP Warning:  Trying to access array offset on value of type bool in C:\Users\21263\Local Sites\myweb\app\public\wp-content\plugins\elementor\includes\managers\image.php on line 113
[25-Jul-2024 13:30:45 UTC] PHP Warning:  Trying to access array offset on value of type bool in C:\Users\21263\Local Sites\myweb\app\public\wp-content\plugins\elementor\includes\managers\image.php on line 113
[25-Jul-2024 13:30:45 UTC] PHP Warning:  Trying to access array offset on value of type bool in C:\Users\21263\Local Sites\myweb\app\public\wp-content\plugins\elementor\includes\managers\image.php on line 113
[25-Jul-2024 13:31:21 UTC] PHP Warning:  Trying to access array offset on value of type bool in C:\Users\21263\Local Sites\myweb\app\public\wp-content\plugins\elementor\includes\managers\image.php on line 113
[25-Jul-2024 13:31:21 UTC] PHP Warning:  Trying to access array offset on value of type bool in C:\Users\21263\Local Sites\myweb\app\public\wp-content\plugins\elementor\includes\managers\image.php on line 113
[25-Jul-2024 13:31:21 UTC] PHP Warning:  Trying to access array offset on value of type bool in C:\Users\21263\Local Sites\myweb\app\public\wp-content\plugins\elementor\includes\managers\image.php on line 113
[25-Jul-2024 13:31:21 UTC] PHP Warning:  Trying to access array offset on value of type bool in C:\Users\21263\Local Sites\myweb\app\public\wp-content\plugins\elementor\includes\managers\image.php on line 113
[25-Jul-2024 13:31:21 UTC] PHP Warning:  Trying to access array offset on value of type bool in C:\Users\21263\Local Sites\myweb\app\public\wp-content\plugins\elementor\includes\managers\image.php on line 113
[25-Jul-2024 13:31:21 UTC] PHP Warning:  Trying to access array offset on value of type bool in C:\Users\21263\Local Sites\myweb\app\public\wp-content\plugins\elementor\includes\managers\image.php on line 113
[25-Jul-2024 13:31:21 UTC] PHP Warning:  Trying to access array offset on value of type bool in C:\Users\21263\Local Sites\myweb\app\public\wp-content\plugins\elementor\includes\managers\image.php on line 113
[25-Jul-2024 13:31:21 UTC] PHP Warning:  Trying to access array offset on value of type bool in C:\Users\21263\Local Sites\myweb\app\public\wp-content\plugins\elementor\includes\managers\image.php on line 113
[25-Jul-2024 13:31:21 UTC] PHP Warning:  Trying to access array offset on value of type bool in C:\Users\21263\Local Sites\myweb\app\public\wp-content\plugins\elementor\includes\managers\image.php on line 113
[25-Jul-2024 13:31:21 UTC] PHP Warning:  Trying to access array offset on value of type bool in C:\Users\21263\Local Sites\myweb\app\public\wp-content\plugins\elementor\includes\managers\image.php on line 113
[25-Jul-2024 13:31:21 UTC] PHP Warning:  Trying to access array offset on value of type bool in C:\Users\21263\Local Sites\myweb\app\public\wp-content\plugins\elementor\includes\managers\image.php on line 113
[25-Jul-2024 13:31:21 UTC] PHP Warning:  Trying to access array offset on value of type bool in C:\Users\21263\Local Sites\myweb\app\public\wp-content\plugins\elementor\includes\managers\image.php on line 113
[25-Jul-2024 13:31:21 UTC] PHP Warning:  Trying to access array offset on value of type bool in C:\Users\21263\Local Sites\myweb\app\public\wp-content\plugins\elementor\includes\managers\image.php on line 113
[25-Jul-2024 13:32:19 UTC] PHP Warning:  Trying to access array offset on value of type bool in C:\Users\21263\Local Sites\myweb\app\public\wp-content\plugins\elementor\includes\managers\image.php on line 113
[25-Jul-2024 13:59:38 UTC] PHP Warning:  Trying to access array offset on value of type bool in C:\Users\21263\Local Sites\myweb\app\public\wp-content\plugins\elementor\includes\managers\image.php on line 113
[25-Jul-2024 13:59:38 UTC] PHP Warning:  Trying to access array offset on value of type bool in C:\Users\21263\Local Sites\myweb\app\public\wp-content\plugins\elementor\includes\managers\image.php on line 113
[25-Jul-2024 13:59:38 UTC] PHP Warning:  Trying to access array offset on value of type bool in C:\Users\21263\Local Sites\myweb\app\public\wp-content\plugins\elementor\includes\managers\image.php on line 113
[25-Jul-2024 13:59:38 UTC] PHP Warning:  Trying to access array offset on value of type bool in C:\Users\21263\Local Sites\myweb\app\public\wp-content\plugins\elementor\includes\managers\image.php on line 113
[25-Jul-2024 13:59:38 UTC] PHP Warning:  Trying to access array offset on value of type bool in C:\Users\21263\Local Sites\myweb\app\public\wp-content\plugins\elementor\includes\managers\image.php on line 113
[25-Jul-2024 13:59:38 UTC] PHP Warning:  Trying to access array offset on value of type bool in C:\Users\21263\Local Sites\myweb\app\public\wp-content\plugins\elementor\includes\managers\image.php on line 113
[25-Jul-2024 13:59:38 UTC] PHP Warning:  Trying to access array offset on value of type bool in C:\Users\21263\Local Sites\myweb\app\public\wp-content\plugins\elementor\includes\managers\image.php on line 113
[25-Jul-2024 13:59:38 UTC] PHP Warning:  Trying to access array offset on value of type bool in C:\Users\21263\Local Sites\myweb\app\public\wp-content\plugins\elementor\includes\managers\image.php on line 113
[25-Jul-2024 13:59:38 UTC] PHP Warning:  Trying to access array offset on value of type bool in C:\Users\21263\Local Sites\myweb\app\public\wp-content\plugins\elementor\includes\managers\image.php on line 113
[25-Jul-2024 13:59:38 UTC] PHP Warning:  Trying to access array offset on value of type bool in C:\Users\21263\Local Sites\myweb\app\public\wp-content\plugins\elementor\includes\managers\image.php on line 113
[25-Jul-2024 13:59:38 UTC] PHP Warning:  Trying to access array offset on value of type bool in C:\Users\21263\Local Sites\myweb\app\public\wp-content\plugins\elementor\includes\managers\image.php on line 113
[25-Jul-2024 13:59:38 UTC] PHP Warning:  Trying to access array offset on value of type bool in C:\Users\21263\Local Sites\myweb\app\public\wp-content\plugins\elementor\includes\managers\image.php on line 113
[25-Jul-2024 13:59:38 UTC] PHP Warning:  Trying to access array offset on value of type bool in C:\Users\21263\Local Sites\myweb\app\public\wp-content\plugins\elementor\includes\managers\image.php on line 113
[25-Jul-2024 14:24:46 UTC] PHP Warning:  Trying to access array offset on value of type bool in C:\Users\21263\Local Sites\myweb\app\public\wp-content\plugins\elementor\includes\managers\image.php on line 113
[25-Jul-2024 14:24:46 UTC] PHP Warning:  Trying to access array offset on value of type bool in C:\Users\21263\Local Sites\myweb\app\public\wp-content\plugins\elementor\includes\managers\image.php on line 113
[25-Jul-2024 14:24:46 UTC] PHP Warning:  Trying to access array offset on value of type bool in C:\Users\21263\Local Sites\myweb\app\public\wp-content\plugins\elementor\includes\managers\image.php on line 113
[25-Jul-2024 14:24:46 UTC] PHP Warning:  Trying to access array offset on value of type bool in C:\Users\21263\Local Sites\myweb\app\public\wp-content\plugins\elementor\includes\managers\image.php on line 113
[25-Jul-2024 14:24:46 UTC] PHP Warning:  Trying to access array offset on value of type bool in C:\Users\21263\Local Sites\myweb\app\public\wp-content\plugins\elementor\includes\managers\image.php on line 113
[25-Jul-2024 14:24:46 UTC] PHP Warning:  Trying to access array offset on value of type bool in C:\Users\21263\Local Sites\myweb\app\public\wp-content\plugins\elementor\includes\managers\image.php on line 113
[25-Jul-2024 14:24:46 UTC] PHP Warning:  Trying to access array offset on value of type bool in C:\Users\21263\Local Sites\myweb\app\public\wp-content\plugins\elementor\includes\managers\image.php on line 113
[25-Jul-2024 14:24:46 UTC] PHP Warning:  Trying to access array offset on value of type bool in C:\Users\21263\Local Sites\myweb\app\public\wp-content\plugins\elementor\includes\managers\image.php on line 113
[25-Jul-2024 14:24:46 UTC] PHP Warning:  Trying to access array offset on value of type bool in C:\Users\21263\Local Sites\myweb\app\public\wp-content\plugins\elementor\includes\managers\image.php on line 113
[25-Jul-2024 14:24:46 UTC] PHP Warning:  Trying to access array offset on value of type bool in C:\Users\21263\Local Sites\myweb\app\public\wp-content\plugins\elementor\includes\managers\image.php on line 113
[25-Jul-2024 14:24:46 UTC] PHP Warning:  Trying to access array offset on value of type bool in C:\Users\21263\Local Sites\myweb\app\public\wp-content\plugins\elementor\includes\managers\image.php on line 113
[25-Jul-2024 14:24:46 UTC] PHP Warning:  Trying to access array offset on value of type bool in C:\Users\21263\Local Sites\myweb\app\public\wp-content\plugins\elementor\includes\managers\image.php on line 113
[25-Jul-2024 14:24:46 UTC] PHP Warning:  Trying to access array offset on value of type bool in C:\Users\21263\Local Sites\myweb\app\public\wp-content\plugins\elementor\includes\managers\image.php on line 113
[25-Jul-2024 14:26:40 UTC] PHP Warning:  Trying to access array offset on value of type bool in C:\Users\21263\Local Sites\myweb\app\public\wp-content\plugins\elementor\includes\managers\image.php on line 113
[25-Jul-2024 14:26:40 UTC] PHP Warning:  Trying to access array offset on value of type bool in C:\Users\21263\Local Sites\myweb\app\public\wp-content\plugins\elementor\includes\managers\image.php on line 113
[25-Jul-2024 14:26:40 UTC] PHP Warning:  Trying to access array offset on value of type bool in C:\Users\21263\Local Sites\myweb\app\public\wp-content\plugins\elementor\includes\managers\image.php on line 113
[25-Jul-2024 14:26:40 UTC] PHP Warning:  Trying to access array offset on value of type bool in C:\Users\21263\Local Sites\myweb\app\public\wp-content\plugins\elementor\includes\managers\image.php on line 113
[25-Jul-2024 14:26:40 UTC] PHP Warning:  Trying to access array offset on value of type bool in C:\Users\21263\Local Sites\myweb\app\public\wp-content\plugins\elementor\includes\managers\image.php on line 113
[25-Jul-2024 14:26:40 UTC] PHP Warning:  Trying to access array offset on value of type bool in C:\Users\21263\Local Sites\myweb\app\public\wp-content\plugins\elementor\includes\managers\image.php on line 113
[25-Jul-2024 14:26:40 UTC] PHP Warning:  Trying to access array offset on value of type bool in C:\Users\21263\Local Sites\myweb\app\public\wp-content\plugins\elementor\includes\managers\image.php on line 113
[25-Jul-2024 14:26:41 UTC] PHP Warning:  Trying to access array offset on value of type bool in C:\Users\21263\Local Sites\myweb\app\public\wp-content\plugins\elementor\includes\managers\image.php on line 113
[25-Jul-2024 14:26:41 UTC] PHP Warning:  Trying to access array offset on value of type bool in C:\Users\21263\Local Sites\myweb\app\public\wp-content\plugins\elementor\includes\managers\image.php on line 113
[25-Jul-2024 14:26:41 UTC] PHP Warning:  Trying to access array offset on value of type bool in C:\Users\21263\Local Sites\myweb\app\public\wp-content\plugins\elementor\includes\managers\image.php on line 113
[25-Jul-2024 14:26:41 UTC] PHP Warning:  Trying to access array offset on value of type bool in C:\Users\21263\Local Sites\myweb\app\public\wp-content\plugins\elementor\includes\managers\image.php on line 113
[25-Jul-2024 14:26:41 UTC] PHP Warning:  Trying to access array offset on value of type bool in C:\Users\21263\Local Sites\myweb\app\public\wp-content\plugins\elementor\includes\managers\image.php on line 113
[25-Jul-2024 14:26:41 UTC] PHP Warning:  Trying to access array offset on value of type bool in C:\Users\21263\Local Sites\myweb\app\public\wp-content\plugins\elementor\includes\managers\image.php on line 113
[26-Jul-2024 12:59:44 UTC] PHP Warning:  Trying to access array offset on value of type bool in C:\Users\21263\Local Sites\myweb\app\public\wp-content\plugins\elementor\includes\managers\image.php on line 113
[26-Jul-2024 12:59:44 UTC] PHP Warning:  Trying to access array offset on value of type bool in C:\Users\21263\Local Sites\myweb\app\public\wp-content\plugins\elementor\includes\managers\image.php on line 113
[26-Jul-2024 12:59:44 UTC] PHP Warning:  Trying to access array offset on value of type bool in C:\Users\21263\Local Sites\myweb\app\public\wp-content\plugins\elementor\includes\managers\image.php on line 113
[26-Jul-2024 12:59:44 UTC] PHP Warning:  Trying to access array offset on value of type bool in C:\Users\21263\Local Sites\myweb\app\public\wp-content\plugins\elementor\includes\managers\image.php on line 113
[26-Jul-2024 12:59:44 UTC] PHP Warning:  Trying to access array offset on value of type bool in C:\Users\21263\Local Sites\myweb\app\public\wp-content\plugins\elementor\includes\managers\image.php on line 113
[26-Jul-2024 12:59:44 UTC] PHP Warning:  Trying to access array offset on value of type bool in C:\Users\21263\Local Sites\myweb\app\public\wp-content\plugins\elementor\includes\managers\image.php on line 113
[26-Jul-2024 12:59:44 UTC] PHP Warning:  Trying to access array offset on value of type bool in C:\Users\21263\Local Sites\myweb\app\public\wp-content\plugins\elementor\includes\managers\image.php on line 113
[26-Jul-2024 12:59:44 UTC] PHP Warning:  Trying to access array offset on value of type bool in C:\Users\21263\Local Sites\myweb\app\public\wp-content\plugins\elementor\includes\managers\image.php on line 113
[26-Jul-2024 12:59:44 UTC] PHP Warning:  Trying to access array offset on value of type bool in C:\Users\21263\Local Sites\myweb\app\public\wp-content\plugins\elementor\includes\managers\image.php on line 113
[26-Jul-2024 12:59:44 UTC] PHP Warning:  Trying to access array offset on value of type bool in C:\Users\21263\Local Sites\myweb\app\public\wp-content\plugins\elementor\includes\managers\image.php on line 113
[26-Jul-2024 12:59:44 UTC] PHP Warning:  Trying to access array offset on value of type bool in C:\Users\21263\Local Sites\myweb\app\public\wp-content\plugins\elementor\includes\managers\image.php on line 113
[26-Jul-2024 12:59:44 UTC] PHP Warning:  Trying to access array offset on value of type bool in C:\Users\21263\Local Sites\myweb\app\public\wp-content\plugins\elementor\includes\managers\image.php on line 113
[26-Jul-2024 12:59:44 UTC] PHP Warning:  Trying to access array offset on value of type bool in C:\Users\21263\Local Sites\myweb\app\public\wp-content\plugins\elementor\includes\managers\image.php on line 113
[26-Jul-2024 12:59:52 UTC] PHP Warning:  Trying to access array offset on value of type bool in C:\Users\21263\Local Sites\myweb\app\public\wp-content\plugins\elementor\includes\managers\image.php on line 113
[26-Jul-2024 12:59:55 UTC] PHP Warning:  Trying to access array offset on value of type bool in C:\Users\21263\Local Sites\myweb\app\public\wp-content\plugins\elementor\includes\managers\image.php on line 113
[26-Jul-2024 13:00:07 UTC] PHP Warning:  Trying to access array offset on value of type bool in C:\Users\21263\Local Sites\myweb\app\public\wp-content\plugins\elementor\includes\managers\image.php on line 113
[26-Jul-2024 13:00:12 UTC] PHP Warning:  Trying to access array offset on value of type bool in C:\Users\21263\Local Sites\myweb\app\public\wp-content\plugins\elementor\includes\managers\image.php on line 113
[26-Jul-2024 13:00:12 UTC] PHP Warning:  Trying to access array offset on value of type bool in C:\Users\21263\Local Sites\myweb\app\public\wp-content\plugins\elementor\includes\managers\image.php on line 113
[26-Jul-2024 13:01:42 UTC] PHP Warning:  Trying to access array offset on value of type bool in C:\Users\21263\Local Sites\myweb\app\public\wp-content\plugins\elementor\includes\managers\image.php on line 113
[26-Jul-2024 13:01:42 UTC] PHP Warning:  Trying to access array offset on value of type bool in C:\Users\21263\Local Sites\myweb\app\public\wp-content\plugins\elementor\includes\managers\image.php on line 113
[26-Jul-2024 13:01:42 UTC] PHP Warning:  Trying to access array offset on value of type bool in C:\Users\21263\Local Sites\myweb\app\public\wp-content\plugins\elementor\includes\managers\image.php on line 113
[26-Jul-2024 13:01:42 UTC] PHP Warning:  Trying to access array offset on value of type bool in C:\Users\21263\Local Sites\myweb\app\public\wp-content\plugins\elementor\includes\managers\image.php on line 113
[26-Jul-2024 13:01:42 UTC] PHP Warning:  Trying to access array offset on value of type bool in C:\Users\21263\Local Sites\myweb\app\public\wp-content\plugins\elementor\includes\managers\image.php on line 113
[26-Jul-2024 13:01:42 UTC] PHP Warning:  Trying to access array offset on value of type bool in C:\Users\21263\Local Sites\myweb\app\public\wp-content\plugins\elementor\includes\managers\image.php on line 113
[26-Jul-2024 13:01:42 UTC] PHP Warning:  Trying to access array offset on value of type bool in C:\Users\21263\Local Sites\myweb\app\public\wp-content\plugins\elementor\includes\managers\image.php on line 113
[26-Jul-2024 13:01:42 UTC] PHP Warning:  Trying to access array offset on value of type bool in C:\Users\21263\Local Sites\myweb\app\public\wp-content\plugins\elementor\includes\managers\image.php on line 113
[26-Jul-2024 13:01:42 UTC] PHP Warning:  Trying to access array offset on value of type bool in C:\Users\21263\Local Sites\myweb\app\public\wp-content\plugins\elementor\includes\managers\image.php on line 113
[26-Jul-2024 13:01:42 UTC] PHP Warning:  Trying to access array offset on value of type bool in C:\Users\21263\Local Sites\myweb\app\public\wp-content\plugins\elementor\includes\managers\image.php on line 113
[26-Jul-2024 13:01:42 UTC] PHP Warning:  Trying to access array offset on value of type bool in C:\Users\21263\Local Sites\myweb\app\public\wp-content\plugins\elementor\includes\managers\image.php on line 113
[26-Jul-2024 13:01:42 UTC] PHP Warning:  Trying to access array offset on value of type bool in C:\Users\21263\Local Sites\myweb\app\public\wp-content\plugins\elementor\includes\managers\image.php on line 113
[26-Jul-2024 13:01:42 UTC] PHP Warning:  Trying to access array offset on value of type bool in C:\Users\21263\Local Sites\myweb\app\public\wp-content\plugins\elementor\includes\managers\image.php on line 113
[26-Jul-2024 13:05:41 UTC] PHP Warning:  Trying to access array offset on value of type bool in C:\Users\21263\Local Sites\myweb\app\public\wp-content\plugins\elementor\includes\managers\image.php on line 113
[26-Jul-2024 13:05:41 UTC] PHP Warning:  Trying to access array offset on value of type bool in C:\Users\21263\Local Sites\myweb\app\public\wp-content\plugins\elementor\includes\managers\image.php on line 113
[26-Jul-2024 13:05:41 UTC] PHP Warning:  Trying to access array offset on value of type bool in C:\Users\21263\Local Sites\myweb\app\public\wp-content\plugins\elementor\includes\managers\image.php on line 113
[26-Jul-2024 13:05:41 UTC] PHP Warning:  Trying to access array offset on value of type bool in C:\Users\21263\Local Sites\myweb\app\public\wp-content\plugins\elementor\includes\managers\image.php on line 113
[26-Jul-2024 13:05:41 UTC] PHP Warning:  Trying to access array offset on value of type bool in C:\Users\21263\Local Sites\myweb\app\public\wp-content\plugins\elementor\includes\managers\image.php on line 113
[26-Jul-2024 13:05:41 UTC] PHP Warning:  Trying to access array offset on value of type bool in C:\Users\21263\Local Sites\myweb\app\public\wp-content\plugins\elementor\includes\managers\image.php on line 113
[26-Jul-2024 13:05:41 UTC] PHP Warning:  Trying to access array offset on value of type bool in C:\Users\21263\Local Sites\myweb\app\public\wp-content\plugins\elementor\includes\managers\image.php on line 113
[26-Jul-2024 13:05:41 UTC] PHP Warning:  Trying to access array offset on value of type bool in C:\Users\21263\Local Sites\myweb\app\public\wp-content\plugins\elementor\includes\managers\image.php on line 113
[26-Jul-2024 13:05:41 UTC] PHP Warning:  Trying to access array offset on value of type bool in C:\Users\21263\Local Sites\myweb\app\public\wp-content\plugins\elementor\includes\managers\image.php on line 113
[26-Jul-2024 13:05:41 UTC] PHP Warning:  Trying to access array offset on value of type bool in C:\Users\21263\Local Sites\myweb\app\public\wp-content\plugins\elementor\includes\managers\image.php on line 113
[26-Jul-2024 13:05:41 UTC] PHP Warning:  Trying to access array offset on value of type bool in C:\Users\21263\Local Sites\myweb\app\public\wp-content\plugins\elementor\includes\managers\image.php on line 113
[26-Jul-2024 13:05:41 UTC] PHP Warning:  Trying to access array offset on value of type bool in C:\Users\21263\Local Sites\myweb\app\public\wp-content\plugins\elementor\includes\managers\image.php on line 113
[26-Jul-2024 13:05:41 UTC] PHP Warning:  Trying to access array offset on value of type bool in C:\Users\21263\Local Sites\myweb\app\public\wp-content\plugins\elementor\includes\managers\image.php on line 113
[26-Jul-2024 13:21:02 UTC] PHP Warning:  Trying to access array offset on value of type bool in C:\Users\21263\Local Sites\myweb\app\public\wp-content\plugins\elementor\includes\managers\image.php on line 113
[26-Jul-2024 13:21:02 UTC] PHP Warning:  Trying to access array offset on value of type bool in C:\Users\21263\Local Sites\myweb\app\public\wp-content\plugins\elementor\includes\managers\image.php on line 113
[26-Jul-2024 13:21:02 UTC] PHP Warning:  Trying to access array offset on value of type bool in C:\Users\21263\Local Sites\myweb\app\public\wp-content\plugins\elementor\includes\managers\image.php on line 113
[26-Jul-2024 13:21:02 UTC] PHP Warning:  Trying to access array offset on value of type bool in C:\Users\21263\Local Sites\myweb\app\public\wp-content\plugins\elementor\includes\managers\image.php on line 113
[26-Jul-2024 13:21:02 UTC] PHP Warning:  Trying to access array offset on value of type bool in C:\Users\21263\Local Sites\myweb\app\public\wp-content\plugins\elementor\includes\managers\image.php on line 113
[26-Jul-2024 13:21:02 UTC] PHP Warning:  Trying to access array offset on value of type bool in C:\Users\21263\Local Sites\myweb\app\public\wp-content\plugins\elementor\includes\managers\image.php on line 113
[26-Jul-2024 13:21:02 UTC] PHP Warning:  Trying to access array offset on value of type bool in C:\Users\21263\Local Sites\myweb\app\public\wp-content\plugins\elementor\includes\managers\image.php on line 113
[26-Jul-2024 13:21:02 UTC] PHP Warning:  Trying to access array offset on value of type bool in C:\Users\21263\Local Sites\myweb\app\public\wp-content\plugins\elementor\includes\managers\image.php on line 113
[26-Jul-2024 13:21:02 UTC] PHP Warning:  Trying to access array offset on value of type bool in C:\Users\21263\Local Sites\myweb\app\public\wp-content\plugins\elementor\includes\managers\image.php on line 113
[26-Jul-2024 13:21:02 UTC] PHP Warning:  Trying to access array offset on value of type bool in C:\Users\21263\Local Sites\myweb\app\public\wp-content\plugins\elementor\includes\managers\image.php on line 113
[26-Jul-2024 13:21:02 UTC] PHP Warning:  Trying to access array offset on value of type bool in C:\Users\21263\Local Sites\myweb\app\public\wp-content\plugins\elementor\includes\managers\image.php on line 113
[26-Jul-2024 13:21:02 UTC] PHP Warning:  Trying to access array offset on value of type bool in C:\Users\21263\Local Sites\myweb\app\public\wp-content\plugins\elementor\includes\managers\image.php on line 113
[26-Jul-2024 13:21:02 UTC] PHP Warning:  Trying to access array offset on value of type bool in C:\Users\21263\Local Sites\myweb\app\public\wp-content\plugins\elementor\includes\managers\image.php on line 113
[26-Jul-2024 13:25:37 UTC] PHP Warning:  Trying to access array offset on value of type bool in C:\Users\21263\Local Sites\myweb\app\public\wp-content\plugins\elementor\includes\managers\image.php on line 113
[26-Jul-2024 13:25:37 UTC] PHP Warning:  Trying to access array offset on value of type bool in C:\Users\21263\Local Sites\myweb\app\public\wp-content\plugins\elementor\includes\managers\image.php on line 113
[26-Jul-2024 13:25:37 UTC] PHP Warning:  Trying to access array offset on value of type bool in C:\Users\21263\Local Sites\myweb\app\public\wp-content\plugins\elementor\includes\managers\image.php on line 113
[26-Jul-2024 13:25:37 UTC] PHP Warning:  Trying to access array offset on value of type bool in C:\Users\21263\Local Sites\myweb\app\public\wp-content\plugins\elementor\includes\managers\image.php on line 113
[26-Jul-2024 13:25:37 UTC] PHP Warning:  Trying to access array offset on value of type bool in C:\Users\21263\Local Sites\myweb\app\public\wp-content\plugins\elementor\includes\managers\image.php on line 113
[26-Jul-2024 13:25:37 UTC] PHP Warning:  Trying to access array offset on value of type bool in C:\Users\21263\Local Sites\myweb\app\public\wp-content\plugins\elementor\includes\managers\image.php on line 113
[26-Jul-2024 13:25:37 UTC] PHP Warning:  Trying to access array offset on value of type bool in C:\Users\21263\Local Sites\myweb\app\public\wp-content\plugins\elementor\includes\managers\image.php on line 113
[26-Jul-2024 13:25:37 UTC] PHP Warning:  Trying to access array offset on value of type bool in C:\Users\21263\Local Sites\myweb\app\public\wp-content\plugins\elementor\includes\managers\image.php on line 113
[26-Jul-2024 13:25:37 UTC] PHP Warning:  Trying to access array offset on value of type bool in C:\Users\21263\Local Sites\myweb\app\public\wp-content\plugins\elementor\includes\managers\image.php on line 113
[26-Jul-2024 13:25:37 UTC] PHP Warning:  Trying to access array offset on value of type bool in C:\Users\21263\Local Sites\myweb\app\public\wp-content\plugins\elementor\includes\managers\image.php on line 113
[26-Jul-2024 13:25:37 UTC] PHP Warning:  Trying to access array offset on value of type bool in C:\Users\21263\Local Sites\myweb\app\public\wp-content\plugins\elementor\includes\managers\image.php on line 113
[26-Jul-2024 13:25:37 UTC] PHP Warning:  Trying to access array offset on value of type bool in C:\Users\21263\Local Sites\myweb\app\public\wp-content\plugins\elementor\includes\managers\image.php on line 113
[26-Jul-2024 13:25:37 UTC] PHP Warning:  Trying to access array offset on value of type bool in C:\Users\21263\Local Sites\myweb\app\public\wp-content\plugins\elementor\includes\managers\image.php on line 113
[26-Jul-2024 13:31:31 UTC] PHP Warning:  Trying to access array offset on value of type bool in C:\Users\21263\Local Sites\myweb\app\public\wp-content\plugins\elementor\includes\managers\image.php on line 113
[26-Jul-2024 13:31:31 UTC] PHP Warning:  Trying to access array offset on value of type bool in C:\Users\21263\Local Sites\myweb\app\public\wp-content\plugins\elementor\includes\managers\image.php on line 113
[26-Jul-2024 13:31:31 UTC] PHP Warning:  Trying to access array offset on value of type bool in C:\Users\21263\Local Sites\myweb\app\public\wp-content\plugins\elementor\includes\managers\image.php on line 113
[26-Jul-2024 13:31:31 UTC] PHP Warning:  Trying to access array offset on value of type bool in C:\Users\21263\Local Sites\myweb\app\public\wp-content\plugins\elementor\includes\managers\image.php on line 113
[26-Jul-2024 13:31:31 UTC] PHP Warning:  Trying to access array offset on value of type bool in C:\Users\21263\Local Sites\myweb\app\public\wp-content\plugins\elementor\includes\managers\image.php on line 113
[26-Jul-2024 13:31:31 UTC] PHP Warning:  Trying to access array offset on value of type bool in C:\Users\21263\Local Sites\myweb\app\public\wp-content\plugins\elementor\includes\managers\image.php on line 113
[26-Jul-2024 13:31:31 UTC] PHP Warning:  Trying to access array offset on value of type bool in C:\Users\21263\Local Sites\myweb\app\public\wp-content\plugins\elementor\includes\managers\image.php on line 113
[26-Jul-2024 13:31:31 UTC] PHP Warning:  Trying to access array offset on value of type bool in C:\Users\21263\Local Sites\myweb\app\public\wp-content\plugins\elementor\includes\managers\image.php on line 113
[26-Jul-2024 13:31:31 UTC] PHP Warning:  Trying to access array offset on value of type bool in C:\Users\21263\Local Sites\myweb\app\public\wp-content\plugins\elementor\includes\managers\image.php on line 113
[26-Jul-2024 13:31:31 UTC] PHP Warning:  Trying to access array offset on value of type bool in C:\Users\21263\Local Sites\myweb\app\public\wp-content\plugins\elementor\includes\managers\image.php on line 113
[26-Jul-2024 13:31:31 UTC] PHP Warning:  Trying to access array offset on value of type bool in C:\Users\21263\Local Sites\myweb\app\public\wp-content\plugins\elementor\includes\managers\image.php on line 113
[26-Jul-2024 13:31:31 UTC] PHP Warning:  Trying to access array offset on value of type bool in C:\Users\21263\Local Sites\myweb\app\public\wp-content\plugins\elementor\includes\managers\image.php on line 113
[26-Jul-2024 13:31:31 UTC] PHP Warning:  Trying to access array offset on value of type bool in C:\Users\21263\Local Sites\myweb\app\public\wp-content\plugins\elementor\includes\managers\image.php on line 113
[26-Jul-2024 13:36:41 UTC] PHP Warning:  Trying to access array offset on value of type bool in C:\Users\21263\Local Sites\myweb\app\public\wp-content\plugins\elementor\includes\managers\image.php on line 113
[26-Jul-2024 13:36:41 UTC] PHP Warning:  Trying to access array offset on value of type bool in C:\Users\21263\Local Sites\myweb\app\public\wp-content\plugins\elementor\includes\managers\image.php on line 113
[26-Jul-2024 13:36:41 UTC] PHP Warning:  Trying to access array offset on value of type bool in C:\Users\21263\Local Sites\myweb\app\public\wp-content\plugins\elementor\includes\managers\image.php on line 113
[26-Jul-2024 13:36:41 UTC] PHP Warning:  Trying to access array offset on value of type bool in C:\Users\21263\Local Sites\myweb\app\public\wp-content\plugins\elementor\includes\managers\image.php on line 113
[26-Jul-2024 13:36:41 UTC] PHP Warning:  Trying to access array offset on value of type bool in C:\Users\21263\Local Sites\myweb\app\public\wp-content\plugins\elementor\includes\managers\image.php on line 113
[26-Jul-2024 13:36:41 UTC] PHP Warning:  Trying to access array offset on value of type bool in C:\Users\21263\Local Sites\myweb\app\public\wp-content\plugins\elementor\includes\managers\image.php on line 113
[26-Jul-2024 13:36:41 UTC] PHP Warning:  Trying to access array offset on value of type bool in C:\Users\21263\Local Sites\myweb\app\public\wp-content\plugins\elementor\includes\managers\image.php on line 113
[26-Jul-2024 13:36:41 UTC] PHP Warning:  Trying to access array offset on value of type bool in C:\Users\21263\Local Sites\myweb\app\public\wp-content\plugins\elementor\includes\managers\image.php on line 113
[26-Jul-2024 13:36:41 UTC] PHP Warning:  Trying to access array offset on value of type bool in C:\Users\21263\Local Sites\myweb\app\public\wp-content\plugins\elementor\includes\managers\image.php on line 113
[26-Jul-2024 13:36:41 UTC] PHP Warning:  Trying to access array offset on value of type bool in C:\Users\21263\Local Sites\myweb\app\public\wp-content\plugins\elementor\includes\managers\image.php on line 113
[26-Jul-2024 13:36:41 UTC] PHP Warning:  Trying to access array offset on value of type bool in C:\Users\21263\Local Sites\myweb\app\public\wp-content\plugins\elementor\includes\managers\image.php on line 113
[26-Jul-2024 13:36:41 UTC] PHP Warning:  Trying to access array offset on value of type bool in C:\Users\21263\Local Sites\myweb\app\public\wp-content\plugins\elementor\includes\managers\image.php on line 113
[26-Jul-2024 13:36:41 UTC] PHP Warning:  Trying to access array offset on value of type bool in C:\Users\21263\Local Sites\myweb\app\public\wp-content\plugins\elementor\includes\managers\image.php on line 113
[26-Jul-2024 13:45:37 UTC] PHP Warning:  Trying to access array offset on value of type bool in C:\Users\21263\Local Sites\myweb\app\public\wp-content\plugins\elementor\includes\managers\image.php on line 113
[26-Jul-2024 13:45:37 UTC] PHP Warning:  Trying to access array offset on value of type bool in C:\Users\21263\Local Sites\myweb\app\public\wp-content\plugins\elementor\includes\managers\image.php on line 113
[26-Jul-2024 13:45:37 UTC] PHP Warning:  Trying to access array offset on value of type bool in C:\Users\21263\Local Sites\myweb\app\public\wp-content\plugins\elementor\includes\managers\image.php on line 113
[26-Jul-2024 13:45:37 UTC] PHP Warning:  Trying to access array offset on value of type bool in C:\Users\21263\Local Sites\myweb\app\public\wp-content\plugins\elementor\includes\managers\image.php on line 113
[26-Jul-2024 13:45:37 UTC] PHP Warning:  Trying to access array offset on value of type bool in C:\Users\21263\Local Sites\myweb\app\public\wp-content\plugins\elementor\includes\managers\image.php on line 113
[26-Jul-2024 13:45:37 UTC] PHP Warning:  Trying to access array offset on value of type bool in C:\Users\21263\Local Sites\myweb\app\public\wp-content\plugins\elementor\includes\managers\image.php on line 113
[26-Jul-2024 13:45:37 UTC] PHP Warning:  Trying to access array offset on value of type bool in C:\Users\21263\Local Sites\myweb\app\public\wp-content\plugins\elementor\includes\managers\image.php on line 113
[26-Jul-2024 13:45:37 UTC] PHP Warning:  Trying to access array offset on value of type bool in C:\Users\21263\Local Sites\myweb\app\public\wp-content\plugins\elementor\includes\managers\image.php on line 113
[26-Jul-2024 13:45:37 UTC] PHP Warning:  Trying to access array offset on value of type bool in C:\Users\21263\Local Sites\myweb\app\public\wp-content\plugins\elementor\includes\managers\image.php on line 113
[26-Jul-2024 13:45:37 UTC] PHP Warning:  Trying to access array offset on value of type bool in C:\Users\21263\Local Sites\myweb\app\public\wp-content\plugins\elementor\includes\managers\image.php on line 113
[26-Jul-2024 13:45:37 UTC] PHP Warning:  Trying to access array offset on value of type bool in C:\Users\21263\Local Sites\myweb\app\public\wp-content\plugins\elementor\includes\managers\image.php on line 113
[26-Jul-2024 13:45:37 UTC] PHP Warning:  Trying to access array offset on value of type bool in C:\Users\21263\Local Sites\myweb\app\public\wp-content\plugins\elementor\includes\managers\image.php on line 113
[26-Jul-2024 13:45:37 UTC] PHP Warning:  Trying to access array offset on value of type bool in C:\Users\21263\Local Sites\myweb\app\public\wp-content\plugins\elementor\includes\managers\image.php on line 113
[26-Jul-2024 13:47:08 UTC] PHP Warning:  Trying to access array offset on value of type bool in C:\Users\21263\Local Sites\myweb\app\public\wp-content\plugins\elementor\includes\managers\image.php on line 113
[26-Jul-2024 13:47:08 UTC] PHP Warning:  Trying to access array offset on value of type bool in C:\Users\21263\Local Sites\myweb\app\public\wp-content\plugins\elementor\includes\managers\image.php on line 113
[26-Jul-2024 13:47:08 UTC] PHP Warning:  Trying to access array offset on value of type bool in C:\Users\21263\Local Sites\myweb\app\public\wp-content\plugins\elementor\includes\managers\image.php on line 113
[26-Jul-2024 13:47:08 UTC] PHP Warning:  Trying to access array offset on value of type bool in C:\Users\21263\Local Sites\myweb\app\public\wp-content\plugins\elementor\includes\managers\image.php on line 113
[26-Jul-2024 13:47:08 UTC] PHP Warning:  Trying to access array offset on value of type bool in C:\Users\21263\Local Sites\myweb\app\public\wp-content\plugins\elementor\includes\managers\image.php on line 113
[26-Jul-2024 13:47:08 UTC] PHP Warning:  Trying to access array offset on value of type bool in C:\Users\21263\Local Sites\myweb\app\public\wp-content\plugins\elementor\includes\managers\image.php on line 113
[26-Jul-2024 13:47:08 UTC] PHP Warning:  Trying to access array offset on value of type bool in C:\Users\21263\Local Sites\myweb\app\public\wp-content\plugins\elementor\includes\managers\image.php on line 113
[26-Jul-2024 13:47:08 UTC] PHP Warning:  Trying to access array offset on value of type bool in C:\Users\21263\Local Sites\myweb\app\public\wp-content\plugins\elementor\includes\managers\image.php on line 113
[26-Jul-2024 13:47:08 UTC] PHP Warning:  Trying to access array offset on value of type bool in C:\Users\21263\Local Sites\myweb\app\public\wp-content\plugins\elementor\includes\managers\image.php on line 113
[26-Jul-2024 13:47:08 UTC] PHP Warning:  Trying to access array offset on value of type bool in C:\Users\21263\Local Sites\myweb\app\public\wp-content\plugins\elementor\includes\managers\image.php on line 113
[26-Jul-2024 13:47:08 UTC] PHP Warning:  Trying to access array offset on value of type bool in C:\Users\21263\Local Sites\myweb\app\public\wp-content\plugins\elementor\includes\managers\image.php on line 113
[26-Jul-2024 13:47:08 UTC] PHP Warning:  Trying to access array offset on value of type bool in C:\Users\21263\Local Sites\myweb\app\public\wp-content\plugins\elementor\includes\managers\image.php on line 113
[26-Jul-2024 13:47:08 UTC] PHP Warning:  Trying to access array offset on value of type bool in C:\Users\21263\Local Sites\myweb\app\public\wp-content\plugins\elementor\includes\managers\image.php on line 113
[26-Jul-2024 13:48:00 UTC] PHP Warning:  Trying to access array offset on value of type bool in C:\Users\21263\Local Sites\myweb\app\public\wp-content\plugins\elementor\includes\managers\image.php on line 113
[26-Jul-2024 13:48:00 UTC] PHP Warning:  Trying to access array offset on value of type bool in C:\Users\21263\Local Sites\myweb\app\public\wp-content\plugins\elementor\includes\managers\image.php on line 113
[26-Jul-2024 13:48:00 UTC] PHP Warning:  Trying to access array offset on value of type bool in C:\Users\21263\Local Sites\myweb\app\public\wp-content\plugins\elementor\includes\managers\image.php on line 113
[26-Jul-2024 13:48:00 UTC] PHP Warning:  Trying to access array offset on value of type bool in C:\Users\21263\Local Sites\myweb\app\public\wp-content\plugins\elementor\includes\managers\image.php on line 113
[26-Jul-2024 13:48:00 UTC] PHP Warning:  Trying to access array offset on value of type bool in C:\Users\21263\Local Sites\myweb\app\public\wp-content\plugins\elementor\includes\managers\image.php on line 113
[26-Jul-2024 13:48:00 UTC] PHP Warning:  Trying to access array offset on value of type bool in C:\Users\21263\Local Sites\myweb\app\public\wp-content\plugins\elementor\includes\managers\image.php on line 113
[26-Jul-2024 13:48:00 UTC] PHP Warning:  Trying to access array offset on value of type bool in C:\Users\21263\Local Sites\myweb\app\public\wp-content\plugins\elementor\includes\managers\image.php on line 113
[26-Jul-2024 13:48:00 UTC] PHP Warning:  Trying to access array offset on value of type bool in C:\Users\21263\Local Sites\myweb\app\public\wp-content\plugins\elementor\includes\managers\image.php on line 113
[26-Jul-2024 13:48:00 UTC] PHP Warning:  Trying to access array offset on value of type bool in C:\Users\21263\Local Sites\myweb\app\public\wp-content\plugins\elementor\includes\managers\image.php on line 113
[26-Jul-2024 13:48:00 UTC] PHP Warning:  Trying to access array offset on value of type bool in C:\Users\21263\Local Sites\myweb\app\public\wp-content\plugins\elementor\includes\managers\image.php on line 113
[26-Jul-2024 13:48:00 UTC] PHP Warning:  Trying to access array offset on value of type bool in C:\Users\21263\Local Sites\myweb\app\public\wp-content\plugins\elementor\includes\managers\image.php on line 113
[26-Jul-2024 13:48:00 UTC] PHP Warning:  Trying to access array offset on value of type bool in C:\Users\21263\Local Sites\myweb\app\public\wp-content\plugins\elementor\includes\managers\image.php on line 113
[26-Jul-2024 13:48:00 UTC] PHP Warning:  Trying to access array offset on value of type bool in C:\Users\21263\Local Sites\myweb\app\public\wp-content\plugins\elementor\includes\managers\image.php on line 113
[26-Jul-2024 13:49:32 UTC] PHP Warning:  Trying to access array offset on value of type bool in C:\Users\21263\Local Sites\myweb\app\public\wp-content\plugins\elementor\includes\managers\image.php on line 113
[26-Jul-2024 13:49:32 UTC] PHP Warning:  Trying to access array offset on value of type bool in C:\Users\21263\Local Sites\myweb\app\public\wp-content\plugins\elementor\includes\managers\image.php on line 113
[26-Jul-2024 13:49:32 UTC] PHP Warning:  Trying to access array offset on value of type bool in C:\Users\21263\Local Sites\myweb\app\public\wp-content\plugins\elementor\includes\managers\image.php on line 113
[26-Jul-2024 13:49:32 UTC] PHP Warning:  Trying to access array offset on value of type bool in C:\Users\21263\Local Sites\myweb\app\public\wp-content\plugins\elementor\includes\managers\image.php on line 113
[26-Jul-2024 13:49:32 UTC] PHP Warning:  Trying to access array offset on value of type bool in C:\Users\21263\Local Sites\myweb\app\public\wp-content\plugins\elementor\includes\managers\image.php on line 113
[26-Jul-2024 13:49:32 UTC] PHP Warning:  Trying to access array offset on value of type bool in C:\Users\21263\Local Sites\myweb\app\public\wp-content\plugins\elementor\includes\managers\image.php on line 113
[26-Jul-2024 13:49:32 UTC] PHP Warning:  Trying to access array offset on value of type bool in C:\Users\21263\Local Sites\myweb\app\public\wp-content\plugins\elementor\includes\managers\image.php on line 113
[26-Jul-2024 13:49:32 UTC] PHP Warning:  Trying to access array offset on value of type bool in C:\Users\21263\Local Sites\myweb\app\public\wp-content\plugins\elementor\includes\managers\image.php on line 113
[26-Jul-2024 13:49:32 UTC] PHP Warning:  Trying to access array offset on value of type bool in C:\Users\21263\Local Sites\myweb\app\public\wp-content\plugins\elementor\includes\managers\image.php on line 113
[26-Jul-2024 13:49:32 UTC] PHP Warning:  Trying to access array offset on value of type bool in C:\Users\21263\Local Sites\myweb\app\public\wp-content\plugins\elementor\includes\managers\image.php on line 113
[26-Jul-2024 13:49:32 UTC] PHP Warning:  Trying to access array offset on value of type bool in C:\Users\21263\Local Sites\myweb\app\public\wp-content\plugins\elementor\includes\managers\image.php on line 113
[26-Jul-2024 13:49:32 UTC] PHP Warning:  Trying to access array offset on value of type bool in C:\Users\21263\Local Sites\myweb\app\public\wp-content\plugins\elementor\includes\managers\image.php on line 113
[26-Jul-2024 13:49:32 UTC] PHP Warning:  Trying to access array offset on value of type bool in C:\Users\21263\Local Sites\myweb\app\public\wp-content\plugins\elementor\includes\managers\image.php on line 113
[26-Jul-2024 13:50:12 UTC] PHP Warning:  Trying to access array offset on value of type bool in C:\Users\21263\Local Sites\myweb\app\public\wp-content\plugins\elementor\includes\managers\image.php on line 113
[26-Jul-2024 13:50:12 UTC] PHP Warning:  Trying to access array offset on value of type bool in C:\Users\21263\Local Sites\myweb\app\public\wp-content\plugins\elementor\includes\managers\image.php on line 113
[26-Jul-2024 13:50:12 UTC] PHP Warning:  Trying to access array offset on value of type bool in C:\Users\21263\Local Sites\myweb\app\public\wp-content\plugins\elementor\includes\managers\image.php on line 113
[26-Jul-2024 13:50:12 UTC] PHP Warning:  Trying to access array offset on value of type bool in C:\Users\21263\Local Sites\myweb\app\public\wp-content\plugins\elementor\includes\managers\image.php on line 113
[26-Jul-2024 13:50:12 UTC] PHP Warning:  Trying to access array offset on value of type bool in C:\Users\21263\Local Sites\myweb\app\public\wp-content\plugins\elementor\includes\managers\image.php on line 113
[26-Jul-2024 13:50:12 UTC] PHP Warning:  Trying to access array offset on value of type bool in C:\Users\21263\Local Sites\myweb\app\public\wp-content\plugins\elementor\includes\managers\image.php on line 113
[26-Jul-2024 13:50:12 UTC] PHP Warning:  Trying to access array offset on value of type bool in C:\Users\21263\Local Sites\myweb\app\public\wp-content\plugins\elementor\includes\managers\image.php on line 113
[26-Jul-2024 13:50:12 UTC] PHP Warning:  Trying to access array offset on value of type bool in C:\Users\21263\Local Sites\myweb\app\public\wp-content\plugins\elementor\includes\managers\image.php on line 113
[26-Jul-2024 13:50:12 UTC] PHP Warning:  Trying to access array offset on value of type bool in C:\Users\21263\Local Sites\myweb\app\public\wp-content\plugins\elementor\includes\managers\image.php on line 113
[26-Jul-2024 13:50:12 UTC] PHP Warning:  Trying to access array offset on value of type bool in C:\Users\21263\Local Sites\myweb\app\public\wp-content\plugins\elementor\includes\managers\image.php on line 113
[26-Jul-2024 13:50:12 UTC] PHP Warning:  Trying to access array offset on value of type bool in C:\Users\21263\Local Sites\myweb\app\public\wp-content\plugins\elementor\includes\managers\image.php on line 113
[26-Jul-2024 13:50:12 UTC] PHP Warning:  Trying to access array offset on value of type bool in C:\Users\21263\Local Sites\myweb\app\public\wp-content\plugins\elementor\includes\managers\image.php on line 113
[26-Jul-2024 13:50:12 UTC] PHP Warning:  Trying to access array offset on value of type bool in C:\Users\21263\Local Sites\myweb\app\public\wp-content\plugins\elementor\includes\managers\image.php on line 113
[26-Jul-2024 13:51:41 UTC] PHP Warning:  Trying to access array offset on value of type bool in C:\Users\21263\Local Sites\myweb\app\public\wp-content\plugins\elementor\includes\managers\image.php on line 113
[26-Jul-2024 13:51:41 UTC] PHP Warning:  Trying to access array offset on value of type bool in C:\Users\21263\Local Sites\myweb\app\public\wp-content\plugins\elementor\includes\managers\image.php on line 113
[26-Jul-2024 13:51:41 UTC] PHP Warning:  Trying to access array offset on value of type bool in C:\Users\21263\Local Sites\myweb\app\public\wp-content\plugins\elementor\includes\managers\image.php on line 113
[26-Jul-2024 13:51:41 UTC] PHP Warning:  Trying to access array offset on value of type bool in C:\Users\21263\Local Sites\myweb\app\public\wp-content\plugins\elementor\includes\managers\image.php on line 113
[26-Jul-2024 13:51:41 UTC] PHP Warning:  Trying to access array offset on value of type bool in C:\Users\21263\Local Sites\myweb\app\public\wp-content\plugins\elementor\includes\managers\image.php on line 113
[26-Jul-2024 13:51:41 UTC] PHP Warning:  Trying to access array offset on value of type bool in C:\Users\21263\Local Sites\myweb\app\public\wp-content\plugins\elementor\includes\managers\image.php on line 113
[26-Jul-2024 13:51:41 UTC] PHP Warning:  Trying to access array offset on value of type bool in C:\Users\21263\Local Sites\myweb\app\public\wp-content\plugins\elementor\includes\managers\image.php on line 113
[26-Jul-2024 13:51:41 UTC] PHP Warning:  Trying to access array offset on value of type bool in C:\Users\21263\Local Sites\myweb\app\public\wp-content\plugins\elementor\includes\managers\image.php on line 113
[26-Jul-2024 13:51:41 UTC] PHP Warning:  Trying to access array offset on value of type bool in C:\Users\21263\Local Sites\myweb\app\public\wp-content\plugins\elementor\includes\managers\image.php on line 113
[26-Jul-2024 13:51:41 UTC] PHP Warning:  Trying to access array offset on value of type bool in C:\Users\21263\Local Sites\myweb\app\public\wp-content\plugins\elementor\includes\managers\image.php on line 113
[26-Jul-2024 13:51:41 UTC] PHP Warning:  Trying to access array offset on value of type bool in C:\Users\21263\Local Sites\myweb\app\public\wp-content\plugins\elementor\includes\managers\image.php on line 113
[26-Jul-2024 13:51:41 UTC] PHP Warning:  Trying to access array offset on value of type bool in C:\Users\21263\Local Sites\myweb\app\public\wp-content\plugins\elementor\includes\managers\image.php on line 113
[26-Jul-2024 13:51:41 UTC] PHP Warning:  Trying to access array offset on value of type bool in C:\Users\21263\Local Sites\myweb\app\public\wp-content\plugins\elementor\includes\managers\image.php on line 113
[26-Jul-2024 13:52:03 UTC] PHP Warning:  Trying to access array offset on value of type bool in C:\Users\21263\Local Sites\myweb\app\public\wp-content\plugins\elementor\includes\managers\image.php on line 113
[26-Jul-2024 13:52:03 UTC] PHP Warning:  Trying to access array offset on value of type bool in C:\Users\21263\Local Sites\myweb\app\public\wp-content\plugins\elementor\includes\managers\image.php on line 113
[26-Jul-2024 13:52:03 UTC] PHP Warning:  Trying to access array offset on value of type bool in C:\Users\21263\Local Sites\myweb\app\public\wp-content\plugins\elementor\includes\managers\image.php on line 113
[26-Jul-2024 13:52:03 UTC] PHP Warning:  Trying to access array offset on value of type bool in C:\Users\21263\Local Sites\myweb\app\public\wp-content\plugins\elementor\includes\managers\image.php on line 113
[26-Jul-2024 13:52:03 UTC] PHP Warning:  Trying to access array offset on value of type bool in C:\Users\21263\Local Sites\myweb\app\public\wp-content\plugins\elementor\includes\managers\image.php on line 113
[26-Jul-2024 13:52:03 UTC] PHP Warning:  Trying to access array offset on value of type bool in C:\Users\21263\Local Sites\myweb\app\public\wp-content\plugins\elementor\includes\managers\image.php on line 113
[26-Jul-2024 13:52:03 UTC] PHP Warning:  Trying to access array offset on value of type bool in C:\Users\21263\Local Sites\myweb\app\public\wp-content\plugins\elementor\includes\managers\image.php on line 113
[26-Jul-2024 13:52:03 UTC] PHP Warning:  Trying to access array offset on value of type bool in C:\Users\21263\Local Sites\myweb\app\public\wp-content\plugins\elementor\includes\managers\image.php on line 113
[26-Jul-2024 13:52:03 UTC] PHP Warning:  Trying to access array offset on value of type bool in C:\Users\21263\Local Sites\myweb\app\public\wp-content\plugins\elementor\includes\managers\image.php on line 113
[26-Jul-2024 13:52:03 UTC] PHP Warning:  Trying to access array offset on value of type bool in C:\Users\21263\Local Sites\myweb\app\public\wp-content\plugins\elementor\includes\managers\image.php on line 113
[26-Jul-2024 13:52:03 UTC] PHP Warning:  Trying to access array offset on value of type bool in C:\Users\21263\Local Sites\myweb\app\public\wp-content\plugins\elementor\includes\managers\image.php on line 113
[26-Jul-2024 13:52:03 UTC] PHP Warning:  Trying to access array offset on value of type bool in C:\Users\21263\Local Sites\myweb\app\public\wp-content\plugins\elementor\includes\managers\image.php on line 113
[26-Jul-2024 13:52:03 UTC] PHP Warning:  Trying to access array offset on value of type bool in C:\Users\21263\Local Sites\myweb\app\public\wp-content\plugins\elementor\includes\managers\image.php on line 113
[26-Jul-2024 14:10:38 UTC] PHP Warning:  Undefined array key 0 in C:\Users\21263\Local Sites\myweb\app\public\wp-content\plugins\woostify-sites-library\includes\class-woostify-sites-elementor.php on line 535
[26-Jul-2024 21:45:45 UTC] PHP Warning:  Undefined array key 0 in C:\Users\21263\Local Sites\myweb\app\public\wp-content\plugins\woostify-sites-library\includes\class-woostify-sites-elementor.php on line 535
[26-Jul-2024 21:45:48 UTC] PHP Warning:  Undefined array key 0 in C:\Users\21263\Local Sites\myweb\app\public\wp-content\plugins\woostify-sites-library\includes\class-woostify-sites-elementor.php on line 382
[26-Jul-2024 21:45:48 UTC] PHP Warning:  Trying to access array offset on value of type null in C:\Users\21263\Local Sites\myweb\app\public\wp-content\plugins\woostify-sites-library\includes\class-woostify-sites-elementor.php on line 382
[27-Jul-2024 14:03:14 UTC] PHP Warning:  Undefined array key "postId" in C:\Users\21263\Local Sites\myweb\app\public\wp-includes\blocks\comments.php on line 27
[27-Jul-2024 14:03:17 UTC] PHP Warning:  Undefined array key "postId" in C:\Users\21263\Local Sites\myweb\app\public\wp-includes\blocks\comments.php on line 27
